plugin-offline/build/intermediates/manifest_merge_blame_file/debug/manifest-merger-blame-debug-report.txt
1<?xml version="1.0" encoding="utf-8"?>
2<manifest xmlns:android="http://schemas.android.com/apk/res/android"
3    package="com.mapbox.mapboxsdk.plugins.offline" >
4
5    <uses-sdk android:minSdkVersion="21" />
5-->src/main/AndroidManifest.xml
6
7    <application>
7-->src/main/AndroidManifest.xml:5:5-15:19
8
9        <!-- Offline download region picker activity -->
10        <activity
10-->src/main/AndroidManifest.xml:7:9-9:125
11            android:name="com.mapbox.mapboxsdk.plugins.offline.ui.OfflineActivity"
11-->src/main/AndroidManifest.xml:8:13-83
12            android:configChanges="keyboard|keyboardHidden|orientation|screenLayout|uiMode|screenSize|smallestScreenSize" />
12-->src/main/AndroidManifest.xml:9:13-122
13
14        <!-- Offline download service -->
15        <service
15-->src/main/AndroidManifest.xml:12:9-14:40
16            android:name="com.mapbox.mapboxsdk.plugins.offline.offline.OfflineDownloadService"
16-->src/main/AndroidManifest.xml:13:13-95
17            android:exported="false" />
17-->src/main/AndroidManifest.xml:14:13-37
18    </application>
19
20</manifest>